<?xml version="1.0" encoding="UTF-8"?>
<testng-results ignored="0" total="2" passed="2" failed="0" skipped="0">
  <reporter-output>
  </reporter-output>
  <suite started-at="2024-04-23T06:08:33Z" name="Default suite" finished-at="2024-04-23T06:08:50Z" duration-ms="16196">
    <groups>
    </groups>
    <test started-at="2024-04-23T06:08:33Z" name="Default test" finished-at="2024-04-23T06:08:50Z" duration-ms="16196">
      <class name="selenium.loginTest">
        <test-method is-config="true" signature="navigate()[pri:0, instance:selenium.loginTest@1494b84d]" started-at="2024-04-23T11:38:33Z" name="navigate" finished-at="2024-04-23T11:38:39Z" duration-ms="6131" status="PASS">
          <reporter-output>
          </reporter-output>
        </test-method> <!-- navigate -->
        <test-method signature="login()[pri:1, instance:selenium.loginTest@1494b84d]" started-at="2024-04-23T11:38:39Z" name="login" finished-at="2024-04-23T11:38:42Z" duration-ms="2269" status="PASS">
          <reporter-output>
          </reporter-output>
        </test-method> <!-- login -->
        <test-method signature="buzz()[pri:2, instance:selenium.loginTest@1494b84d]" started-at="2024-04-23T11:38:42Z" name="buzz" finished-at="2024-04-23T11:38:49Z" duration-ms="7361" status="PASS">
          <reporter-output>
          </reporter-output>
        </test-method> <!-- buzz -->
        <test-method is-config="true" signature="close()[pri:0, instance:selenium.loginTest@1494b84d]" started-at="2024-04-23T11:38:49Z" name="close" finished-at="2024-04-23T11:38:50Z" duration-ms="404" status="PASS">
          <reporter-output>
          </reporter-output>
        </test-method> <!-- close -->
      </class> <!-- selenium.loginTest -->
    </test> <!-- Default test -->
  </suite> <!-- Default suite -->
</testng-results>
